18:42:56 **** Build of configuration Release for project uart_2 ****
make all 
Building file: ../main.c
Invoking: AVR Compiler
avr-gcc -Wall -Os -fpack-struct -fshort-enums -ffunction-sections -fdata-sections -std=gnu99 -funsigned-char -funsigned-bitfields -mmcu=atmega32 -DF_CPU=8000000UL -MMD -MP -MF"main.d" -MT"main.o" -c -o "main.o" "../main.c"
Finished building: ../main.c
 
Building target: uart_2.elf
Invoking: AVR C Linker
avr-gcc -Wl,-Map,uart_2.map -mmcu=atmega32 -o "uart_2.elf"  ./main.o   
c:/winavr-20100110/bin/../lib/gcc/avr/4.3.3/../../../../avr/lib/avr5/crtm32.o:(.init9+0x0): undefined reference to `main'
make: *** [uart_2.elf] Error 1
"make all" terminated with exit code 2. Build might be incomplete.
18:44:19 **** Incremental Build of configuration Release for project uart_2 ****
make all 
Building file: ../main.c
Invoking: AVR Compiler
avr-gcc -Wall -Os -fpack-struct -fshort-enums -ffunction-sections -fdata-sections -std=gnu99 -funsigned-char -funsigned-bitfields -mmcu=atmega32 -DF_CPU=8000000UL -MMD -MP -MF"main.d" -MT"main.o" -c -o "main.o" "../main.c"
Finished building: ../main.c
 
Building target: uart_2.elf
Invoking: AVR C Linker
avr-gcc -Wl,-Map,uart_2.map -mmcu=atmega32 -o "uart_2.elf"  ./main.o   
Finished building target: uart_2.elf
 
Invoking: AVR Create Extended Listing
avr-objdump -h -S uart_2.elf  >"uart_2.lss"
Finished building: uart_2.lss
 
Create Flash image (ihex format)
avr-objcopy -R .eeprom -R .fuse -R .lock -R .signature -O ihex uart_2.elf  "uart_2.hex"
Finished building: uart_2.hex
 
Create eeprom image (ihex format)
avr-objcopy -j .eeprom --no-change-warnings --change-section-lma .eeprom=0 -O ihex uart_2.elf  "uart_2.eep"
Finished building: uart_2.eep
 
Invoking: Print Size
avr-size --format=avr --mcu=atmega32 uart_2.elf
AVR Memory Usage
----------------
Device: atmega32

Program:     502 bytes (1.5% Full)
(.text + .data + .bootloader)

Data:          6 bytes (0.3% Full)
(.data + .bss + .noinit)


Finished building: sizedummy
 
